<?xml version="1.0" encoding="UTF-8"?>
<!-- Generated by org.testng.reporters.JUnitReportReporter -->
<testsuite hostname="LAPTOP-L0I4BJND" failures="0" tests="1" name="com.fresh.TestRunner.TestRunnerFresh" time="4.856" errors="0" timestamp="2021-11-26T19:28:37 EST" skipped="0">
  <testcase classname="com.fresh.TestRunner.TestRunnerFresh" name="feature" time="4.856"/>
  <system-out/>
</testsuite> <!-- com.fresh.TestRunner.TestRunnerFresh -->
